[0.617s] DEBUG:colcon:Command line arguments: ['/usr/bin/colcon', 'build']
[0.617s] DEBUG:colcon:Parsed command line arguments: Namespace(log_base=None, log_level=None, verb_name='build', build_base='build', install_base='install', merge_install=False, symlink_install=False, test_result_base=None, continue_on_error=False, executor='parallel', parallel_workers=4, event_handlers=None, ignore_user_meta=False, metas=['./colcon.meta'], base_paths=['.'], packages_ignore=None, packages_ignore_regex=None, paths=None, packages_up_to=None, packages_up_to_regex=None, packages_above=None, packages_above_and_dependencies=None, packages_above_depth=None, packages_select_by_dep=None, packages_skip_by_dep=None, packages_skip_up_to=None, packages_select_build_failed=False, packages_skip_build_finished=False, packages_select_test_failures=False, packages_skip_test_passed=False, packages_select=None, packages_skip=None, packages_select_regex=None, packages_skip_regex=None, packages_start=None, packages_end=None, allow_overriding=[], cmake_args=None, cmake_target=None, cmake_target_skip_unavailable=False, cmake_clean_cache=False, cmake_clean_first=False, cmake_force_configure=False, ament_cmake_args=None, catkin_cmake_args=None, catkin_skip_building_tests=False, mixin_files=None, mixin=None, verb_parser=<colcon_mixin.mixin.mixin_argument.MixinArgumentDecorator object at 0x74023ceb05f0>, verb_extension=<colcon_core.verb.build.BuildVerb object at 0x74023ceb0290>, main=<bound method BuildVerb.main of <colcon_core.verb.build.BuildVerb object at 0x74023ceb0290>>, mixin_verb=('build',))
[0.833s] Level 1:colcon.colcon_core.package_discovery:discover_packages(colcon_meta) check parameters
[0.833s] Level 1:colcon.colcon_core.package_discovery:discover_packages(recursive) check parameters
[0.834s] Level 1:colcon.colcon_core.package_discovery:discover_packages(ignore) check parameters
[0.834s] Level 1:colcon.colcon_core.package_discovery:discover_packages(path) check parameters
[0.834s] Level 1:colcon.colcon_core.package_discovery:discover_packages(colcon_meta) discover
[0.834s] Level 1:colcon.colcon_core.package_discovery:discover_packages(recursive) discover
[0.834s] INFO:colcon.colcon_core.package_discovery:Crawling recursively for packages in '/home/maximiliano/ROS/prueba_proyecto'
[0.834s] Level 1:colcon.colcon_core.package_identification:_identify(.) by extensions ['ignore', 'ignore_ament_install']
[0.834s] Level 1:colcon.colcon_core.package_identification:_identify(.) by extension 'ignore'
[0.834s] Level 1:colcon.colcon_core.package_identification:_identify(.) by extension 'ignore_ament_install'
[0.835s] Level 1:colcon.colcon_core.package_identification:_identify(.) by extensions ['colcon_pkg']
[0.835s] Level 1:colcon.colcon_core.package_identification:_identify(.) by extension 'colcon_pkg'
[0.835s] Level 1:colcon.colcon_core.package_identification:_identify(.) by extensions ['colcon_meta']
[0.835s] Level 1:colcon.colcon_core.package_identification:_identify(.) by extension 'colcon_meta'
[0.835s] Level 1:colcon.colcon_core.package_identification:_identify(.) by extensions ['ros']
[0.835s] Level 1:colcon.colcon_core.package_identification:_identify(.) by extension 'ros'
[0.896s] Level 1:colcon.colcon_core.package_identification:_identify(.) by extensions ['cmake', 'python']
[0.896s] Level 1:colcon.colcon_core.package_identification:_identify(.) by extension 'cmake'
[0.897s] Level 1:colcon.colcon_core.package_identification:_identify(.) by extension 'python'
[0.897s] Level 1:colcon.colcon_core.package_identification:_identify(.) by extensions ['python_setup_py']
[0.897s] Level 1:colcon.colcon_core.package_identification:_identify(.) by extension 'python_setup_py'
[0.897s] Level 1:colcon.colcon_core.package_identification:_identify(build) by extensions ['ignore', 'ignore_ament_install']
[0.897s] Level 1:colcon.colcon_core.package_identification:_identify(build) by extension 'ignore'
[0.897s] Level 1:colcon.colcon_core.package_identification:_identify(build) ignored
[0.897s] Level 1:colcon.colcon_core.package_identification:_identify(install) by extensions ['ignore', 'ignore_ament_install']
[0.898s] Level 1:colcon.colcon_core.package_identification:_identify(install) by extension 'ignore'
[0.898s] Level 1:colcon.colcon_core.package_identification:_identify(install) ignored
[0.898s] Level 1:colcon.colcon_core.package_identification:_identify(log) by extensions ['ignore', 'ignore_ament_install']
[0.898s] Level 1:colcon.colcon_core.package_identification:_identify(log) by extension 'ignore'
[0.898s] Level 1:colcon.colcon_core.package_identification:_identify(log) ignored
[0.898s] Level 1:colcon.colcon_core.package_identification:_identify(src) by extensions ['ignore', 'ignore_ament_install']
[0.898s] Level 1:colcon.colcon_core.package_identification:_identify(src) by extension 'ignore'
[0.899s] Level 1:colcon.colcon_core.package_identification:_identify(src) by extension 'ignore_ament_install'
[0.899s] Level 1:colcon.colcon_core.package_identification:_identify(src) by extensions ['colcon_pkg']
[0.899s] Level 1:colcon.colcon_core.package_identification:_identify(src) by extension 'colcon_pkg'
[0.899s] Level 1:colcon.colcon_core.package_identification:_identify(src) by extensions ['colcon_meta']
[0.899s] Level 1:colcon.colcon_core.package_identification:_identify(src) by extension 'colcon_meta'
[0.899s] Level 1:colcon.colcon_core.package_identification:_identify(src) by extensions ['ros']
[0.899s] Level 1:colcon.colcon_core.package_identification:_identify(src) by extension 'ros'
[0.899s] Level 1:colcon.colcon_core.package_identification:_identify(src) by extensions ['cmake', 'python']
[0.899s] Level 1:colcon.colcon_core.package_identification:_identify(src) by extension 'cmake'
[0.899s] Level 1:colcon.colcon_core.package_identification:_identify(src) by extension 'python'
[0.899s] Level 1:colcon.colcon_core.package_identification:_identify(src) by extensions ['python_setup_py']
[0.899s] Level 1:colcon.colcon_core.package_identification:_identify(src) by extension 'python_setup_py'
[0.900s] Level 1:colcon.colcon_core.package_identification:_identify(src/proyecto-robotica) by extensions ['ignore', 'ignore_ament_install']
[0.900s] Level 1:colcon.colcon_core.package_identification:_identify(src/proyecto-robotica) by extension 'ignore'
[0.900s] Level 1:colcon.colcon_core.package_identification:_identify(src/proyecto-robotica) by extension 'ignore_ament_install'
[0.900s] Level 1:colcon.colcon_core.package_identification:_identify(src/proyecto-robotica) by extensions ['colcon_pkg']
[0.900s] Level 1:colcon.colcon_core.package_identification:_identify(src/proyecto-robotica) by extension 'colcon_pkg'
[0.900s] Level 1:colcon.colcon_core.package_identification:_identify(src/proyecto-robotica) by extensions ['colcon_meta']
[0.900s] Level 1:colcon.colcon_core.package_identification:_identify(src/proyecto-robotica) by extension 'colcon_meta'
[0.900s] Level 1:colcon.colcon_core.package_identification:_identify(src/proyecto-robotica) by extensions ['ros']
[0.900s] Level 1:colcon.colcon_core.package_identification:_identify(src/proyecto-robotica) by extension 'ros'
[0.900s] Level 1:colcon.colcon_core.package_identification:_identify(src/proyecto-robotica) by extensions ['cmake', 'python']
[0.901s] Level 1:colcon.colcon_core.package_identification:_identify(src/proyecto-robotica) by extension 'cmake'
[0.901s] Level 1:colcon.colcon_core.package_identification:_identify(src/proyecto-robotica) by extension 'python'
[0.901s] Level 1:colcon.colcon_core.package_identification:_identify(src/proyecto-robotica) by extensions ['python_setup_py']
[0.901s] Level 1:colcon.colcon_core.package_identification:_identify(src/proyecto-robotica) by extension 'python_setup_py'
[0.901s] Level 1:colcon.colcon_core.package_identification:_identify(src/proyecto-robotica/viz_package_cpp2) by extensions ['ignore', 'ignore_ament_install']
[0.901s] Level 1:colcon.colcon_core.package_identification:_identify(src/proyecto-robotica/viz_package_cpp2) by extension 'ignore'
[0.901s] Level 1:colcon.colcon_core.package_identification:_identify(src/proyecto-robotica/viz_package_cpp2) by extension 'ignore_ament_install'
[0.901s] Level 1:colcon.colcon_core.package_identification:_identify(src/proyecto-robotica/viz_package_cpp2) by extensions ['colcon_pkg']
[0.901s] Level 1:colcon.colcon_core.package_identification:_identify(src/proyecto-robotica/viz_package_cpp2) by extension 'colcon_pkg'
[0.901s] Level 1:colcon.colcon_core.package_identification:_identify(src/proyecto-robotica/viz_package_cpp2) by extensions ['colcon_meta']
[0.902s] Level 1:colcon.colcon_core.package_identification:_identify(src/proyecto-robotica/viz_package_cpp2) by extension 'colcon_meta'
[0.902s] Level 1:colcon.colcon_core.package_identification:_identify(src/proyecto-robotica/viz_package_cpp2) by extensions ['ros']
[0.902s] Level 1:colcon.colcon_core.package_identification:_identify(src/proyecto-robotica/viz_package_cpp2) by extension 'ros'
[0.908s] DEBUG:colcon.colcon_core.package_identification:Package 'src/proyecto-robotica/viz_package_cpp2' with type 'ros.ament_cmake' and name 'viz_package_cpp2'
[0.908s] Level 1:colcon.colcon_core.package_discovery:discover_packages(recursive) using defaults
[0.908s] Level 1:colcon.colcon_core.package_discovery:discover_packages(ignore) discover
[0.908s] Level 1:colcon.colcon_core.package_discovery:discover_packages(ignore) using defaults
[0.908s] Level 1:colcon.colcon_core.package_discovery:discover_packages(path) discover
[0.908s] Level 1:colcon.colcon_core.package_discovery:discover_packages(path) using defaults
[0.956s] Level 1:colcon.colcon_core.package_discovery:discover_packages(prefix_path) check parameters
[0.956s] Level 1:colcon.colcon_core.package_discovery:discover_packages(prefix_path) discover
[0.963s] DEBUG:colcon.colcon_installed_package_information.package_discovery:Found 323 installed packages in /opt/ros/jazzy
[0.966s] Level 1:colcon.colcon_core.package_discovery:discover_packages(prefix_path) using defaults
[1.061s] Level 5:colcon.colcon_core.verb:set package 'viz_package_cpp2' build argument 'cmake_args' from command line to 'None'
[1.062s] Level 5:colcon.colcon_core.verb:set package 'viz_package_cpp2' build argument 'cmake_target' from command line to 'None'
[1.062s] Level 5:colcon.colcon_core.verb:set package 'viz_package_cpp2' build argument 'cmake_target_skip_unavailable' from command line to 'False'
[1.062s] Level 5:colcon.colcon_core.verb:set package 'viz_package_cpp2' build argument 'cmake_clean_cache' from command line to 'False'
[1.062s] Level 5:colcon.colcon_core.verb:set package 'viz_package_cpp2' build argument 'cmake_clean_first' from command line to 'False'
[1.062s] Level 5:colcon.colcon_core.verb:set package 'viz_package_cpp2' build argument 'cmake_force_configure' from command line to 'False'
[1.062s] Level 5:colcon.colcon_core.verb:set package 'viz_package_cpp2' build argument 'ament_cmake_args' from command line to 'None'
[1.062s] Level 5:colcon.colcon_core.verb:set package 'viz_package_cpp2' build argument 'catkin_cmake_args' from command line to 'None'
[1.062s] Level 5:colcon.colcon_core.verb:set package 'viz_package_cpp2' build argument 'catkin_skip_building_tests' from command line to 'False'
[1.062s] DEBUG:colcon.colcon_core.verb:Building package 'viz_package_cpp2' with the following arguments: {'ament_cmake_args': None, 'build_base': '/home/maximiliano/ROS/prueba_proyecto/build/viz_package_cpp2', 'catkin_cmake_args': None, 'catkin_skip_building_tests': False, 'cmake_args': None, 'cmake_clean_cache': False, 'cmake_clean_first': False, 'cmake_force_configure': False, 'cmake_target': None, 'cmake_target_skip_unavailable': False, 'install_base': '/home/maximiliano/ROS/prueba_proyecto/install/viz_package_cpp2', 'merge_install': False, 'path': '/home/maximiliano/ROS/prueba_proyecto/src/proyecto-robotica/viz_package_cpp2', 'symlink_install': False, 'test_result_base': None}
[1.062s] INFO:colcon.colcon_core.executor:Executing jobs using 'parallel' executor
[1.063s] DEBUG:colcon.colcon_parallel_executor.executor.parallel:run_until_complete
[1.064s] INFO:colcon.colcon_ros.task.ament_cmake.build:Building ROS package in '/home/maximiliano/ROS/prueba_proyecto/src/proyecto-robotica/viz_package_cpp2' with build type 'ament_cmake'
[1.064s] INFO:colcon.colcon_cmake.task.cmake.build:Building CMake package in '/home/maximiliano/ROS/prueba_proyecto/src/proyecto-robotica/viz_package_cpp2'
[1.081s] INFO:colcon.colcon_core.plugin_system:Skipping extension 'colcon_core.shell.bat': Not used on non-Windows systems
[1.081s] INFO:colcon.colcon_core.shell:Skip shell extension 'powershell' for command environment: Not usable outside of PowerShell
[1.082s] DEBUG:colcon.colcon_core.shell:Skip shell extension 'dsv' for command environment
[1.098s] DEBUG:colcon.colcon_core.event_handler.log_command:Invoking command in '/home/maximiliano/ROS/prueba_proyecto/build/viz_package_cpp2': CMAKE_PREFIX_PATH=${CMAKE_PREFIX_PATH}:/opt/ros/jazzy DEBUGINFOD_URLS=https://debuginfod.ubuntu.com /usr/bin/cmake --build /home/maximiliano/ROS/prueba_proyecto/build/viz_package_cpp2 -- -j4 -l4
[1.587s] DEBUG:colcon.colcon_core.event_handler.log_command:Invoked command in '/home/maximiliano/ROS/prueba_proyecto/build/viz_package_cpp2' returned '0': CMAKE_PREFIX_PATH=${CMAKE_PREFIX_PATH}:/opt/ros/jazzy DEBUGINFOD_URLS=https://debuginfod.ubuntu.com /usr/bin/cmake --build /home/maximiliano/ROS/prueba_proyecto/build/viz_package_cpp2 -- -j4 -l4
[1.610s] DEBUG:colcon.colcon_core.event_handler.log_command:Invoking command in '/home/maximiliano/ROS/prueba_proyecto/build/viz_package_cpp2': CMAKE_PREFIX_PATH=${CMAKE_PREFIX_PATH}:/opt/ros/jazzy DEBUGINFOD_URLS=https://debuginfod.ubuntu.com /usr/bin/cmake --install /home/maximiliano/ROS/prueba_proyecto/build/viz_package_cpp2
[1.653s] Level 1:colcon.colcon_core.environment:create_environment_scripts_only(viz_package_cpp2)
[1.654s] DEBUG:colcon.colcon_core.event_handler.log_command:Invoked command in '/home/maximiliano/ROS/prueba_proyecto/build/viz_package_cpp2' returned '0': CMAKE_PREFIX_PATH=${CMAKE_PREFIX_PATH}:/opt/ros/jazzy DEBUGINFOD_URLS=https://debuginfod.ubuntu.com /usr/bin/cmake --install /home/maximiliano/ROS/prueba_proyecto/build/viz_package_cpp2
[1.661s] Level 1:colcon.colcon_core.environment:checking '/home/maximiliano/ROS/prueba_proyecto/install/viz_package_cpp2' for CMake module files
[1.662s] Level 1:colcon.colcon_core.environment:checking '/home/maximiliano/ROS/prueba_proyecto/install/viz_package_cpp2' for CMake config files
[1.663s] Level 1:colcon.colcon_core.shell:create_environment_hook('viz_package_cpp2', 'cmake_prefix_path')
[1.663s] INFO:colcon.colcon_core.shell:Creating environment hook '/home/maximiliano/ROS/prueba_proyecto/install/viz_package_cpp2/share/viz_package_cpp2/hook/cmake_prefix_path.ps1'
[1.665s] INFO:colcon.colcon_core.shell:Creating environment descriptor '/home/maximiliano/ROS/prueba_proyecto/install/viz_package_cpp2/share/viz_package_cpp2/hook/cmake_prefix_path.dsv'
[1.666s] INFO:colcon.colcon_core.shell:Creating environment hook '/home/maximiliano/ROS/prueba_proyecto/install/viz_package_cpp2/share/viz_package_cpp2/hook/cmake_prefix_path.sh'
[1.668s] Level 1:colcon.colcon_core.environment:checking '/home/maximiliano/ROS/prueba_proyecto/install/viz_package_cpp2/lib'
[1.669s] Level 1:colcon.colcon_core.environment:checking '/home/maximiliano/ROS/prueba_proyecto/install/viz_package_cpp2/bin'
[1.669s] Level 1:colcon.colcon_core.environment:checking '/home/maximiliano/ROS/prueba_proyecto/install/viz_package_cpp2/lib/pkgconfig/viz_package_cpp2.pc'
[1.669s] Level 1:colcon.colcon_core.environment:checking '/home/maximiliano/ROS/prueba_proyecto/install/viz_package_cpp2/lib/python3.12/site-packages'
[1.670s] Level 1:colcon.colcon_core.environment:checking '/home/maximiliano/ROS/prueba_proyecto/install/viz_package_cpp2/bin'
[1.670s] INFO:colcon.colcon_core.shell:Creating package script '/home/maximiliano/ROS/prueba_proyecto/install/viz_package_cpp2/share/viz_package_cpp2/package.ps1'
[1.672s] INFO:colcon.colcon_core.shell:Creating package descriptor '/home/maximiliano/ROS/prueba_proyecto/install/viz_package_cpp2/share/viz_package_cpp2/package.dsv'
[1.674s] INFO:colcon.colcon_core.shell:Creating package script '/home/maximiliano/ROS/prueba_proyecto/install/viz_package_cpp2/share/viz_package_cpp2/package.sh'
[1.676s] INFO:colcon.colcon_core.shell:Creating package script '/home/maximiliano/ROS/prueba_proyecto/install/viz_package_cpp2/share/viz_package_cpp2/package.bash'
[1.677s] INFO:colcon.colcon_core.shell:Creating package script '/home/maximiliano/ROS/prueba_proyecto/install/viz_package_cpp2/share/viz_package_cpp2/package.zsh'
[1.679s] Level 1:colcon.colcon_core.environment:create_file_with_runtime_dependencies(/home/maximiliano/ROS/prueba_proyecto/install/viz_package_cpp2/share/colcon-core/packages/viz_package_cpp2)
[1.680s] Level 1:colcon.colcon_core.environment:create_environment_scripts_only(viz_package_cpp2)
[1.680s] Level 1:colcon.colcon_core.environment:checking '/home/maximiliano/ROS/prueba_proyecto/install/viz_package_cpp2' for CMake module files
[1.681s] Level 1:colcon.colcon_core.environment:checking '/home/maximiliano/ROS/prueba_proyecto/install/viz_package_cpp2' for CMake config files
[1.682s] Level 1:colcon.colcon_core.shell:create_environment_hook('viz_package_cpp2', 'cmake_prefix_path')
[1.682s] INFO:colcon.colcon_core.shell:Creating environment hook '/home/maximiliano/ROS/prueba_proyecto/install/viz_package_cpp2/share/viz_package_cpp2/hook/cmake_prefix_path.ps1'
[1.683s] INFO:colcon.colcon_core.shell:Creating environment descriptor '/home/maximiliano/ROS/prueba_proyecto/install/viz_package_cpp2/share/viz_package_cpp2/hook/cmake_prefix_path.dsv'
[1.684s] INFO:colcon.colcon_core.shell:Creating environment hook '/home/maximiliano/ROS/prueba_proyecto/install/viz_package_cpp2/share/viz_package_cpp2/hook/cmake_prefix_path.sh'
[1.685s] Level 1:colcon.colcon_core.environment:checking '/home/maximiliano/ROS/prueba_proyecto/install/viz_package_cpp2/lib'
[1.685s] Level 1:colcon.colcon_core.environment:checking '/home/maximiliano/ROS/prueba_proyecto/install/viz_package_cpp2/bin'
[1.685s] Level 1:colcon.colcon_core.environment:checking '/home/maximiliano/ROS/prueba_proyecto/install/viz_package_cpp2/lib/pkgconfig/viz_package_cpp2.pc'
[1.686s] Level 1:colcon.colcon_core.environment:checking '/home/maximiliano/ROS/prueba_proyecto/install/viz_package_cpp2/lib/python3.12/site-packages'
[1.686s] Level 1:colcon.colcon_core.environment:checking '/home/maximiliano/ROS/prueba_proyecto/install/viz_package_cpp2/bin'
[1.686s] INFO:colcon.colcon_core.shell:Creating package script '/home/maximiliano/ROS/prueba_proyecto/install/viz_package_cpp2/share/viz_package_cpp2/package.ps1'
[1.687s] INFO:colcon.colcon_core.shell:Creating package descriptor '/home/maximiliano/ROS/prueba_proyecto/install/viz_package_cpp2/share/viz_package_cpp2/package.dsv'
[1.688s] INFO:colcon.colcon_core.shell:Creating package script '/home/maximiliano/ROS/prueba_proyecto/install/viz_package_cpp2/share/viz_package_cpp2/package.sh'
[1.689s] INFO:colcon.colcon_core.shell:Creating package script '/home/maximiliano/ROS/prueba_proyecto/install/viz_package_cpp2/share/viz_package_cpp2/package.bash'
[1.690s] INFO:colcon.colcon_core.shell:Creating package script '/home/maximiliano/ROS/prueba_proyecto/install/viz_package_cpp2/share/viz_package_cpp2/package.zsh'
[1.691s] Level 1:colcon.colcon_core.environment:create_file_with_runtime_dependencies(/home/maximiliano/ROS/prueba_proyecto/install/viz_package_cpp2/share/colcon-core/packages/viz_package_cpp2)
[1.692s] DEBUG:colcon.colcon_parallel_executor.executor.parallel:closing loop
[1.692s] DEBUG:colcon.colcon_parallel_executor.executor.parallel:loop closed
[1.693s] DEBUG:colcon.colcon_parallel_executor.executor.parallel:run_until_complete finished with '0'
[1.693s] DEBUG:colcon.colcon_core.event_reactor:joining thread
[1.706s] INFO:colcon.colcon_core.plugin_system:Skipping extension 'colcon_notification.desktop_notification.terminal_notifier': Not used on non-Darwin systems
[1.706s] INFO:colcon.colcon_core.plugin_system:Skipping extension 'colcon_notification.desktop_notification.win32': Not used on non-Windows systems
[1.706s] INFO:colcon.colcon_notification.desktop_notification:Sending desktop notification using 'notify2'
[1.754s] DEBUG:colcon.colcon_core.event_reactor:joined thread
[1.754s] INFO:colcon.colcon_core.shell:Creating prefix script '/home/maximiliano/ROS/prueba_proyecto/install/local_setup.ps1'
[1.757s] INFO:colcon.colcon_core.shell:Creating prefix util module '/home/maximiliano/ROS/prueba_proyecto/install/_local_setup_util_ps1.py'
[1.760s] INFO:colcon.colcon_core.shell:Creating prefix chain script '/home/maximiliano/ROS/prueba_proyecto/install/setup.ps1'
[1.762s] INFO:colcon.colcon_core.shell:Creating prefix script '/home/maximiliano/ROS/prueba_proyecto/install/local_setup.sh'
[1.764s] INFO:colcon.colcon_core.shell:Creating prefix util module '/home/maximiliano/ROS/prueba_proyecto/install/_local_setup_util_sh.py'
[1.766s] INFO:colcon.colcon_core.shell:Creating prefix chain script '/home/maximiliano/ROS/prueba_proyecto/install/setup.sh'
[1.768s] INFO:colcon.colcon_core.shell:Creating prefix script '/home/maximiliano/ROS/prueba_proyecto/install/local_setup.bash'
[1.770s] INFO:colcon.colcon_core.shell:Creating prefix chain script '/home/maximiliano/ROS/prueba_proyecto/install/setup.bash'
[1.772s] INFO:colcon.colcon_core.shell:Creating prefix script '/home/maximiliano/ROS/prueba_proyecto/install/local_setup.zsh'
[1.774s] INFO:colcon.colcon_core.shell:Creating prefix chain script '/home/maximiliano/ROS/prueba_proyecto/install/setup.zsh'
