[0.194s] DEBUG:colcon:Command line arguments: ['/usr/bin/colcon', 'build']
[0.194s] DEBUG:colcon:Parsed command line arguments: Namespace(log_base=None, log_level=None, verb_name='build', build_base='build', install_base='install', merge_install=False, symlink_install=False, test_result_base=None, continue_on_error=False, executor='parallel', parallel_workers=4, event_handlers=None, ignore_user_meta=False, metas=['./colcon.meta'], base_paths=['.'], packages_ignore=None, packages_ignore_regex=None, paths=None, packages_up_to=None, packages_up_to_regex=None, packages_above=None, packages_above_and_dependencies=None, packages_above_depth=None, packages_select_by_dep=None, packages_skip_by_dep=None, packages_skip_up_to=None, packages_select_build_failed=False, packages_skip_build_finished=False, packages_select_test_failures=False, packages_skip_test_passed=False, packages_select=None, packages_skip=None, packages_select_regex=None, packages_skip_regex=None, packages_start=None, packages_end=None, allow_overriding=[], cmake_args=None, cmake_target=None, cmake_target_skip_unavailable=False, cmake_clean_cache=False, cmake_clean_first=False, cmake_force_configure=False, ament_cmake_args=None, catkin_cmake_args=None, catkin_skip_building_tests=False, mixin_files=None, mixin=None, verb_parser=<colcon_mixin.mixin.mixin_argument.MixinArgumentDecorator object at 0x7396aca9c590>, verb_extension=<colcon_core.verb.build.BuildVerb object at 0x7396aca9c200>, main=<bound method BuildVerb.main of <colcon_core.verb.build.BuildVerb object at 0x7396aca9c200>>, mixin_verb=('build',))
[0.264s] Level 1:colcon.colcon_core.package_discovery:discover_packages(colcon_meta) check parameters
[0.264s] Level 1:colcon.colcon_core.package_discovery:discover_packages(recursive) check parameters
[0.264s] Level 1:colcon.colcon_core.package_discovery:discover_packages(ignore) check parameters
[0.264s] Level 1:colcon.colcon_core.package_discovery:discover_packages(path) check parameters
[0.264s] Level 1:colcon.colcon_core.package_discovery:discover_packages(colcon_meta) discover
[0.265s] Level 1:colcon.colcon_core.package_discovery:discover_packages(recursive) discover
[0.265s] INFO:colcon.colcon_core.package_discovery:Crawling recursively for packages in '/home/maximiliano/ROS/prueba_proyecto'
[0.265s] Level 1:colcon.colcon_core.package_identification:_identify(.) by extensions ['ignore', 'ignore_ament_install']
[0.265s] Level 1:colcon.colcon_core.package_identification:_identify(.) by extension 'ignore'
[0.265s] Level 1:colcon.colcon_core.package_identification:_identify(.) by extension 'ignore_ament_install'
[0.265s] Level 1:colcon.colcon_core.package_identification:_identify(.) by extensions ['colcon_pkg']
[0.266s] Level 1:colcon.colcon_core.package_identification:_identify(.) by extension 'colcon_pkg'
[0.266s] Level 1:colcon.colcon_core.package_identification:_identify(.) by extensions ['colcon_meta']
[0.266s] Level 1:colcon.colcon_core.package_identification:_identify(.) by extension 'colcon_meta'
[0.266s] Level 1:colcon.colcon_core.package_identification:_identify(.) by extensions ['ros']
[0.266s] Level 1:colcon.colcon_core.package_identification:_identify(.) by extension 'ros'
[0.318s] Level 1:colcon.colcon_core.package_identification:_identify(.) by extensions ['cmake', 'python']
[0.318s] Level 1:colcon.colcon_core.package_identification:_identify(.) by extension 'cmake'
[0.318s] Level 1:colcon.colcon_core.package_identification:_identify(.) by extension 'python'
[0.318s] Level 1:colcon.colcon_core.package_identification:_identify(.) by extensions ['python_setup_py']
[0.318s] Level 1:colcon.colcon_core.package_identification:_identify(.) by extension 'python_setup_py'
[0.319s] Level 1:colcon.colcon_core.package_identification:_identify(build) by extensions ['ignore', 'ignore_ament_install']
[0.319s] Level 1:colcon.colcon_core.package_identification:_identify(build) by extension 'ignore'
[0.319s] Level 1:colcon.colcon_core.package_identification:_identify(build) ignored
[0.319s] Level 1:colcon.colcon_core.package_identification:_identify(install) by extensions ['ignore', 'ignore_ament_install']
[0.319s] Level 1:colcon.colcon_core.package_identification:_identify(install) by extension 'ignore'
[0.319s] Level 1:colcon.colcon_core.package_identification:_identify(install) ignored
[0.320s] Level 1:colcon.colcon_core.package_identification:_identify(log) by extensions ['ignore', 'ignore_ament_install']
[0.320s] Level 1:colcon.colcon_core.package_identification:_identify(log) by extension 'ignore'
[0.320s] Level 1:colcon.colcon_core.package_identification:_identify(log) ignored
[0.320s] Level 1:colcon.colcon_core.package_identification:_identify(src) by extensions ['ignore', 'ignore_ament_install']
[0.320s] Level 1:colcon.colcon_core.package_identification:_identify(src) by extension 'ignore'
[0.320s] Level 1:colcon.colcon_core.package_identification:_identify(src) by extension 'ignore_ament_install'
[0.320s] Level 1:colcon.colcon_core.package_identification:_identify(src) by extensions ['colcon_pkg']
[0.320s] Level 1:colcon.colcon_core.package_identification:_identify(src) by extension 'colcon_pkg'
[0.321s] Level 1:colcon.colcon_core.package_identification:_identify(src) by extensions ['colcon_meta']
[0.321s] Level 1:colcon.colcon_core.package_identification:_identify(src) by extension 'colcon_meta'
[0.321s] Level 1:colcon.colcon_core.package_identification:_identify(src) by extensions ['ros']
[0.321s] Level 1:colcon.colcon_core.package_identification:_identify(src) by extension 'ros'
[0.321s] Level 1:colcon.colcon_core.package_identification:_identify(src) by extensions ['cmake', 'python']
[0.321s] Level 1:colcon.colcon_core.package_identification:_identify(src) by extension 'cmake'
[0.321s] Level 1:colcon.colcon_core.package_identification:_identify(src) by extension 'python'
[0.321s] Level 1:colcon.colcon_core.package_identification:_identify(src) by extensions ['python_setup_py']
[0.321s] Level 1:colcon.colcon_core.package_identification:_identify(src) by extension 'python_setup_py'
[0.321s] Level 1:colcon.colcon_core.package_identification:_identify(src/proyecto-robotica) by extensions ['ignore', 'ignore_ament_install']
[0.321s] Level 1:colcon.colcon_core.package_identification:_identify(src/proyecto-robotica) by extension 'ignore'
[0.322s] Level 1:colcon.colcon_core.package_identification:_identify(src/proyecto-robotica) by extension 'ignore_ament_install'
[0.322s] Level 1:colcon.colcon_core.package_identification:_identify(src/proyecto-robotica) by extensions ['colcon_pkg']
[0.322s] Level 1:colcon.colcon_core.package_identification:_identify(src/proyecto-robotica) by extension 'colcon_pkg'
[0.322s] Level 1:colcon.colcon_core.package_identification:_identify(src/proyecto-robotica) by extensions ['colcon_meta']
[0.322s] Level 1:colcon.colcon_core.package_identification:_identify(src/proyecto-robotica) by extension 'colcon_meta'
[0.322s] Level 1:colcon.colcon_core.package_identification:_identify(src/proyecto-robotica) by extensions ['ros']
[0.322s] Level 1:colcon.colcon_core.package_identification:_identify(src/proyecto-robotica) by extension 'ros'
[0.322s] Level 1:colcon.colcon_core.package_identification:_identify(src/proyecto-robotica) by extensions ['cmake', 'python']
[0.322s] Level 1:colcon.colcon_core.package_identification:_identify(src/proyecto-robotica) by extension 'cmake'
[0.322s] Level 1:colcon.colcon_core.package_identification:_identify(src/proyecto-robotica) by extension 'python'
[0.322s] Level 1:colcon.colcon_core.package_identification:_identify(src/proyecto-robotica) by extensions ['python_setup_py']
[0.322s] Level 1:colcon.colcon_core.package_identification:_identify(src/proyecto-robotica) by extension 'python_setup_py'
[0.323s] Level 1:colcon.colcon_core.package_identification:_identify(src/proyecto-robotica/viz_package_cpp2) by extensions ['ignore', 'ignore_ament_install']
[0.323s] Level 1:colcon.colcon_core.package_identification:_identify(src/proyecto-robotica/viz_package_cpp2) by extension 'ignore'
[0.323s] Level 1:colcon.colcon_core.package_identification:_identify(src/proyecto-robotica/viz_package_cpp2) by extension 'ignore_ament_install'
[0.323s] Level 1:colcon.colcon_core.package_identification:_identify(src/proyecto-robotica/viz_package_cpp2) by extensions ['colcon_pkg']
[0.323s] Level 1:colcon.colcon_core.package_identification:_identify(src/proyecto-robotica/viz_package_cpp2) by extension 'colcon_pkg'
[0.323s] Level 1:colcon.colcon_core.package_identification:_identify(src/proyecto-robotica/viz_package_cpp2) by extensions ['colcon_meta']
[0.323s] Level 1:colcon.colcon_core.package_identification:_identify(src/proyecto-robotica/viz_package_cpp2) by extension 'colcon_meta'
[0.323s] Level 1:colcon.colcon_core.package_identification:_identify(src/proyecto-robotica/viz_package_cpp2) by extensions ['ros']
[0.323s] Level 1:colcon.colcon_core.package_identification:_identify(src/proyecto-robotica/viz_package_cpp2) by extension 'ros'
[0.328s] DEBUG:colcon.colcon_core.package_identification:Package 'src/proyecto-robotica/viz_package_cpp2' with type 'ros.ament_cmake' and name 'viz_package_cpp2'
[0.329s] Level 1:colcon.colcon_core.package_discovery:discover_packages(recursive) using defaults
[0.329s] Level 1:colcon.colcon_core.package_discovery:discover_packages(ignore) discover
[0.329s] Level 1:colcon.colcon_core.package_discovery:discover_packages(ignore) using defaults
[0.329s] Level 1:colcon.colcon_core.package_discovery:discover_packages(path) discover
[0.329s] Level 1:colcon.colcon_core.package_discovery:discover_packages(path) using defaults
[0.359s] Level 1:colcon.colcon_core.package_discovery:discover_packages(prefix_path) check parameters
[0.359s] Level 1:colcon.colcon_core.package_discovery:discover_packages(prefix_path) discover
[0.364s] DEBUG:colcon.colcon_installed_package_information.package_discovery:Found 323 installed packages in /opt/ros/jazzy
[0.367s] Level 1:colcon.colcon_core.package_discovery:discover_packages(prefix_path) using defaults
[0.479s] Level 5:colcon.colcon_core.verb:set package 'viz_package_cpp2' build argument 'cmake_args' from command line to 'None'
[0.479s] Level 5:colcon.colcon_core.verb:set package 'viz_package_cpp2' build argument 'cmake_target' from command line to 'None'
[0.479s] Level 5:colcon.colcon_core.verb:set package 'viz_package_cpp2' build argument 'cmake_target_skip_unavailable' from command line to 'False'
[0.479s] Level 5:colcon.colcon_core.verb:set package 'viz_package_cpp2' build argument 'cmake_clean_cache' from command line to 'False'
[0.479s] Level 5:colcon.colcon_core.verb:set package 'viz_package_cpp2' build argument 'cmake_clean_first' from command line to 'False'
[0.479s] Level 5:colcon.colcon_core.verb:set package 'viz_package_cpp2' build argument 'cmake_force_configure' from command line to 'False'
[0.479s] Level 5:colcon.colcon_core.verb:set package 'viz_package_cpp2' build argument 'ament_cmake_args' from command line to 'None'
[0.479s] Level 5:colcon.colcon_core.verb:set package 'viz_package_cpp2' build argument 'catkin_cmake_args' from command line to 'None'
[0.479s] Level 5:colcon.colcon_core.verb:set package 'viz_package_cpp2' build argument 'catkin_skip_building_tests' from command line to 'False'
[0.479s] DEBUG:colcon.colcon_core.verb:Building package 'viz_package_cpp2' with the following arguments: {'ament_cmake_args': None, 'build_base': '/home/maximiliano/ROS/prueba_proyecto/build/viz_package_cpp2', 'catkin_cmake_args': None, 'catkin_skip_building_tests': False, 'cmake_args': None, 'cmake_clean_cache': False, 'cmake_clean_first': False, 'cmake_force_configure': False, 'cmake_target': None, 'cmake_target_skip_unavailable': False, 'install_base': '/home/maximiliano/ROS/prueba_proyecto/install/viz_package_cpp2', 'merge_install': False, 'path': '/home/maximiliano/ROS/prueba_proyecto/src/proyecto-robotica/viz_package_cpp2', 'symlink_install': False, 'test_result_base': None}
[0.479s] INFO:colcon.colcon_core.executor:Executing jobs using 'parallel' executor
[0.481s] DEBUG:colcon.colcon_parallel_executor.executor.parallel:run_until_complete
[0.481s] INFO:colcon.colcon_ros.task.ament_cmake.build:Building ROS package in '/home/maximiliano/ROS/prueba_proyecto/src/proyecto-robotica/viz_package_cpp2' with build type 'ament_cmake'
[0.481s] INFO:colcon.colcon_cmake.task.cmake.build:Building CMake package in '/home/maximiliano/ROS/prueba_proyecto/src/proyecto-robotica/viz_package_cpp2'
[0.487s] INFO:colcon.colcon_core.plugin_system:Skipping extension 'colcon_core.shell.bat': Not used on non-Windows systems
[0.487s] INFO:colcon.colcon_core.shell:Skip shell extension 'powershell' for command environment: Not usable outside of PowerShell
[0.487s] DEBUG:colcon.colcon_core.shell:Skip shell extension 'dsv' for command environment
[0.511s] DEBUG:colcon.colcon_core.event_handler.log_command:Invoking command in '/home/maximiliano/ROS/prueba_proyecto/build/viz_package_cpp2': CMAKE_PREFIX_PATH=${CMAKE_PREFIX_PATH}:/opt/ros/jazzy DEBUGINFOD_URLS=https://debuginfod.ubuntu.com /usr/bin/cmake --build /home/maximiliano/ROS/prueba_proyecto/build/viz_package_cpp2 -- -j4 -l4
[35.182s] DEBUG:colcon.colcon_core.event_handler.log_command:Invoked command in '/home/maximiliano/ROS/prueba_proyecto/build/viz_package_cpp2' returned '0': CMAKE_PREFIX_PATH=${CMAKE_PREFIX_PATH}:/opt/ros/jazzy DEBUGINFOD_URLS=https://debuginfod.ubuntu.com /usr/bin/cmake --build /home/maximiliano/ROS/prueba_proyecto/build/viz_package_cpp2 -- -j4 -l4
[35.203s] DEBUG:colcon.colcon_core.event_handler.log_command:Invoking command in '/home/maximiliano/ROS/prueba_proyecto/build/viz_package_cpp2': CMAKE_PREFIX_PATH=${CMAKE_PREFIX_PATH}:/opt/ros/jazzy DEBUGINFOD_URLS=https://debuginfod.ubuntu.com /usr/bin/cmake --install /home/maximiliano/ROS/prueba_proyecto/build/viz_package_cpp2
[35.296s] Level 1:colcon.colcon_core.environment:create_environment_scripts_only(viz_package_cpp2)
[35.297s] DEBUG:colcon.colcon_core.event_handler.log_command:Invoked command in '/home/maximiliano/ROS/prueba_proyecto/build/viz_package_cpp2' returned '0': CMAKE_PREFIX_PATH=${CMAKE_PREFIX_PATH}:/opt/ros/jazzy DEBUGINFOD_URLS=https://debuginfod.ubuntu.com /usr/bin/cmake --install /home/maximiliano/ROS/prueba_proyecto/build/viz_package_cpp2
[35.303s] Level 1:colcon.colcon_core.environment:checking '/home/maximiliano/ROS/prueba_proyecto/install/viz_package_cpp2' for CMake module files
[35.305s] Level 1:colcon.colcon_core.environment:checking '/home/maximiliano/ROS/prueba_proyecto/install/viz_package_cpp2' for CMake config files
[35.306s] Level 1:colcon.colcon_core.shell:create_environment_hook('viz_package_cpp2', 'cmake_prefix_path')
[35.306s] INFO:colcon.colcon_core.shell:Creating environment hook '/home/maximiliano/ROS/prueba_proyecto/install/viz_package_cpp2/share/viz_package_cpp2/hook/cmake_prefix_path.ps1'
[35.308s] INFO:colcon.colcon_core.shell:Creating environment descriptor '/home/maximiliano/ROS/prueba_proyecto/install/viz_package_cpp2/share/viz_package_cpp2/hook/cmake_prefix_path.dsv'
[35.309s] INFO:colcon.colcon_core.shell:Creating environment hook '/home/maximiliano/ROS/prueba_proyecto/install/viz_package_cpp2/share/viz_package_cpp2/hook/cmake_prefix_path.sh'
[35.312s] Level 1:colcon.colcon_core.environment:checking '/home/maximiliano/ROS/prueba_proyecto/install/viz_package_cpp2/lib'
[35.312s] Level 1:colcon.colcon_core.environment:checking '/home/maximiliano/ROS/prueba_proyecto/install/viz_package_cpp2/bin'
[35.313s] Level 1:colcon.colcon_core.environment:checking '/home/maximiliano/ROS/prueba_proyecto/install/viz_package_cpp2/lib/pkgconfig/viz_package_cpp2.pc'
[35.313s] Level 1:colcon.colcon_core.environment:checking '/home/maximiliano/ROS/prueba_proyecto/install/viz_package_cpp2/lib/python3.12/site-packages'
[35.314s] Level 1:colcon.colcon_core.environment:checking '/home/maximiliano/ROS/prueba_proyecto/install/viz_package_cpp2/bin'
[35.315s] INFO:colcon.colcon_core.shell:Creating package script '/home/maximiliano/ROS/prueba_proyecto/install/viz_package_cpp2/share/viz_package_cpp2/package.ps1'
[35.317s] INFO:colcon.colcon_core.shell:Creating package descriptor '/home/maximiliano/ROS/prueba_proyecto/install/viz_package_cpp2/share/viz_package_cpp2/package.dsv'
[35.319s] INFO:colcon.colcon_core.shell:Creating package script '/home/maximiliano/ROS/prueba_proyecto/install/viz_package_cpp2/share/viz_package_cpp2/package.sh'
[35.321s] INFO:colcon.colcon_core.shell:Creating package script '/home/maximiliano/ROS/prueba_proyecto/install/viz_package_cpp2/share/viz_package_cpp2/package.bash'
[35.324s] INFO:colcon.colcon_core.shell:Creating package script '/home/maximiliano/ROS/prueba_proyecto/install/viz_package_cpp2/share/viz_package_cpp2/package.zsh'
[35.326s] Level 1:colcon.colcon_core.environment:create_file_with_runtime_dependencies(/home/maximiliano/ROS/prueba_proyecto/install/viz_package_cpp2/share/colcon-core/packages/viz_package_cpp2)
[35.328s] Level 1:colcon.colcon_core.environment:create_environment_scripts_only(viz_package_cpp2)
[35.328s] Level 1:colcon.colcon_core.environment:checking '/home/maximiliano/ROS/prueba_proyecto/install/viz_package_cpp2' for CMake module files
[35.330s] Level 1:colcon.colcon_core.environment:checking '/home/maximiliano/ROS/prueba_proyecto/install/viz_package_cpp2' for CMake config files
[35.331s] Level 1:colcon.colcon_core.shell:create_environment_hook('viz_package_cpp2', 'cmake_prefix_path')
[35.332s] INFO:colcon.colcon_core.shell:Creating environment hook '/home/maximiliano/ROS/prueba_proyecto/install/viz_package_cpp2/share/viz_package_cpp2/hook/cmake_prefix_path.ps1'
[35.333s] INFO:colcon.colcon_core.shell:Creating environment descriptor '/home/maximiliano/ROS/prueba_proyecto/install/viz_package_cpp2/share/viz_package_cpp2/hook/cmake_prefix_path.dsv'
[35.333s] INFO:colcon.colcon_core.shell:Creating environment hook '/home/maximiliano/ROS/prueba_proyecto/install/viz_package_cpp2/share/viz_package_cpp2/hook/cmake_prefix_path.sh'
[35.335s] Level 1:colcon.colcon_core.environment:checking '/home/maximiliano/ROS/prueba_proyecto/install/viz_package_cpp2/lib'
[35.335s] Level 1:colcon.colcon_core.environment:checking '/home/maximiliano/ROS/prueba_proyecto/install/viz_package_cpp2/bin'
[35.335s] Level 1:colcon.colcon_core.environment:checking '/home/maximiliano/ROS/prueba_proyecto/install/viz_package_cpp2/lib/pkgconfig/viz_package_cpp2.pc'
[35.336s] Level 1:colcon.colcon_core.environment:checking '/home/maximiliano/ROS/prueba_proyecto/install/viz_package_cpp2/lib/python3.12/site-packages'
[35.336s] Level 1:colcon.colcon_core.environment:checking '/home/maximiliano/ROS/prueba_proyecto/install/viz_package_cpp2/bin'
[35.337s] INFO:colcon.colcon_core.shell:Creating package script '/home/maximiliano/ROS/prueba_proyecto/install/viz_package_cpp2/share/viz_package_cpp2/package.ps1'
[35.339s] INFO:colcon.colcon_core.shell:Creating package descriptor '/home/maximiliano/ROS/prueba_proyecto/install/viz_package_cpp2/share/viz_package_cpp2/package.dsv'
[35.340s] INFO:colcon.colcon_core.shell:Creating package script '/home/maximiliano/ROS/prueba_proyecto/install/viz_package_cpp2/share/viz_package_cpp2/package.sh'
[35.341s] INFO:colcon.colcon_core.shell:Creating package script '/home/maximiliano/ROS/prueba_proyecto/install/viz_package_cpp2/share/viz_package_cpp2/package.bash'
[35.342s] INFO:colcon.colcon_core.shell:Creating package script '/home/maximiliano/ROS/prueba_proyecto/install/viz_package_cpp2/share/viz_package_cpp2/package.zsh'
[35.344s] Level 1:colcon.colcon_core.environment:create_file_with_runtime_dependencies(/home/maximiliano/ROS/prueba_proyecto/install/viz_package_cpp2/share/colcon-core/packages/viz_package_cpp2)
[35.344s] DEBUG:colcon.colcon_parallel_executor.executor.parallel:closing loop
[35.345s] DEBUG:colcon.colcon_parallel_executor.executor.parallel:loop closed
[35.346s] DEBUG:colcon.colcon_parallel_executor.executor.parallel:run_until_complete finished with '0'
[35.346s] DEBUG:colcon.colcon_core.event_reactor:joining thread
[35.360s] INFO:colcon.colcon_core.plugin_system:Skipping extension 'colcon_notification.desktop_notification.terminal_notifier': Not used on non-Darwin systems
[35.360s] INFO:colcon.colcon_core.plugin_system:Skipping extension 'colcon_notification.desktop_notification.win32': Not used on non-Windows systems
[35.360s] INFO:colcon.colcon_notification.desktop_notification:Sending desktop notification using 'notify2'
[35.391s] DEBUG:colcon.colcon_core.event_reactor:joined thread
[35.391s] INFO:colcon.colcon_core.shell:Creating prefix script '/home/maximiliano/ROS/prueba_proyecto/install/local_setup.ps1'
[35.394s] INFO:colcon.colcon_core.shell:Creating prefix util module '/home/maximiliano/ROS/prueba_proyecto/install/_local_setup_util_ps1.py'
[35.398s] INFO:colcon.colcon_core.shell:Creating prefix chain script '/home/maximiliano/ROS/prueba_proyecto/install/setup.ps1'
[35.401s] INFO:colcon.colcon_core.shell:Creating prefix script '/home/maximiliano/ROS/prueba_proyecto/install/local_setup.sh'
[35.403s] INFO:colcon.colcon_core.shell:Creating prefix util module '/home/maximiliano/ROS/prueba_proyecto/install/_local_setup_util_sh.py'
[35.404s] INFO:colcon.colcon_core.shell:Creating prefix chain script '/home/maximiliano/ROS/prueba_proyecto/install/setup.sh'
[35.406s] INFO:colcon.colcon_core.shell:Creating prefix script '/home/maximiliano/ROS/prueba_proyecto/install/local_setup.bash'
[35.407s] INFO:colcon.colcon_core.shell:Creating prefix chain script '/home/maximiliano/ROS/prueba_proyecto/install/setup.bash'
[35.409s] INFO:colcon.colcon_core.shell:Creating prefix script '/home/maximiliano/ROS/prueba_proyecto/install/local_setup.zsh'
[35.410s] INFO:colcon.colcon_core.shell:Creating prefix chain script '/home/maximiliano/ROS/prueba_proyecto/install/setup.zsh'
